<?xml version="1.0" encoding="UTF-8"?>
<testExecutions version="1">
  <file path="C:\Users\airwo\Documents\GitHub\slave-api\tests\unit-tests\lib\crypto.spec.ts">
    <testCase name="Crypto Lib (Encryption/Decryption) Testing for text" duration="10"/>
    <testCase name="Crypto Lib (Encryption/Decryption) Testing for array" duration="4"/>
    <testCase name="Crypto Lib (Encryption/Decryption) Testing for object" duration="4"/>
  </file>
  <file path="C:\Users\airwo\Documents\GitHub\slave-api\tests\unit-tests\dummy.spec.ts">
    <testCase name="Dummy Test Cases Verify Jest is working" duration="7"/>
  </file>
  <file path="C:\Users\airwo\Documents\GitHub\slave-api\tests\unit-tests\lib\logger.spec.ts">
    <testCase name="Logger Lib should create a new log directory if one doesn&apos;t already exist" duration="8"/>
  </file>
  <file path="C:\Users\airwo\Documents\GitHub\slave-api\tests\unit-tests\middleware\error-handler.spec.ts">
    <testCase name="ErrorHandler middleware with 0 status code" duration="7"/>
    <testCase name="ErrorHandler middleware with 200 status code" duration="1"/>
    <testCase name="ErrorHandler middleware with 200 status code" duration="1"/>
    <testCase name="ErrorHandler middleware with 200 status code and updated env variables" duration="2"/>
  </file>
  <file path="C:\Users\airwo\Documents\GitHub\slave-api\tests\unit-tests\components\SystemStatusController.spec.ts">
    <testCase name="System Status Controller test getError method" duration="4"/>
    <testCase name="System Status Controller test getSystemInfo method" duration="8"/>
    <testCase name="System Status Controller test getSystemInfo method with updated env variables" duration="5"/>
    <testCase name="System Status Controller test getSystemInfo method with exception" duration="4"/>
    <testCase name="System Status Controller test getServerTime method" duration="1"/>
    <testCase name="System Status Controller test getServerTime method with exception" duration="0"/>
    <testCase name="System Status Controller test getResourceUsage method" duration="3"/>
    <testCase name="System Status Controller test getResourceUsage method with exception" duration="1"/>
    <testCase name="System Status Controller test getProcessInfo method" duration="0"/>
    <testCase name="System Status Controller test getProcessInfo method with exception" duration="0"/>
  </file>
  <file path="C:\Users\airwo\Documents\GitHub\slave-api\tests\unit-tests\controllers\opengraph-controller.spec.ts">
    <testCase name="OpenGraphController register should return a router with all routes registered" duration="6"/>
    <testCase name="OpenGraphController getDescription should return og description" duration="1"/>
    <testCase name="OpenGraphController getDescription should handle invalid URL" duration="1"/>
    <testCase name="OpenGraphController getDescription should handle fetch error" duration="0"/>
    <testCase name="OpenGraphController getAllData should return all og data" duration="1"/>
    <testCase name="OpenGraphController getAllData should handle invalid URL" duration="0"/>
    <testCase name="OpenGraphController getAllData should handle fetch error" duration="0"/>
  </file>
</testExecutions>